ARM GAS  /var/folders/mj/g8q9qvjj1qg4kbgnh_bz76140000gn/T//cc58nZtV.s 			page 1


   1              		.cpu cortex-m4
   2              		.arch armv7e-m
   3              		.fpu fpv4-sp-d16
   4              		.eabi_attribute 27, 1
   5              		.eabi_attribute 28, 1
   6              		.eabi_attribute 20, 1
   7              		.eabi_attribute 21, 1
   8              		.eabi_attribute 23, 3
   9              		.eabi_attribute 24, 1
  10              		.eabi_attribute 25, 1
  11              		.eabi_attribute 26, 1
  12              		.eabi_attribute 30, 1
  13              		.eabi_attribute 34, 1
  14              		.eabi_attribute 18, 4
  15              		.file	"MPU6050.c"
  16              		.text
  17              	.Ltext0:
  18              		.cfi_sections	.debug_frame
  19              		.section	.text.Initialize,"ax",%progbits
  20              		.align	1
  21              		.global	Initialize
  22              		.syntax unified
  23              		.thumb
  24              		.thumb_func
  26              	Initialize:
  27              	.LVL0:
  28              	.LFB134:
  29              		.file 1 "Core/Src/Components/MPU6050.c"
   1:Core/Src/Components/MPU6050.c **** #include "Components/MPU6050.h"
   2:Core/Src/Components/MPU6050.c **** 
   3:Core/Src/Components/MPU6050.c **** uint8_t ADDRESS = 0x68;
   4:Core/Src/Components/MPU6050.c **** I2C_HandleTypeDef* I2C = &hi2c1;
   5:Core/Src/Components/MPU6050.c **** 
   6:Core/Src/Components/MPU6050.c **** void Initialize(bool LowerPowerMode) {
  30              		.loc 1 6 38 view -0
  31              		.cfi_startproc
  32              		@ args = 0, pretend = 0, frame = 8
  33              		@ frame_needed = 0, uses_anonymous_args = 0
  34              		.loc 1 6 38 is_stmt 0 view .LVU1
  35 0000 2DE9F041 		push	{r4, r5, r6, r7, r8, lr}
  36              	.LCFI0:
  37              		.cfi_def_cfa_offset 24
  38              		.cfi_offset 4, -24
  39              		.cfi_offset 5, -20
  40              		.cfi_offset 6, -16
  41              		.cfi_offset 7, -12
  42              		.cfi_offset 8, -8
  43              		.cfi_offset 14, -4
  44 0004 86B0     		sub	sp, sp, #24
  45              	.LCFI1:
  46              		.cfi_def_cfa_offset 48
  47 0006 0446     		mov	r4, r0
   7:Core/Src/Components/MPU6050.c ****     uint8_t check;
  48              		.loc 1 7 5 is_stmt 1 view .LVU2
   8:Core/Src/Components/MPU6050.c ****     HAL_I2C_Mem_Read(I2C, ADDRESS << 1, WHO_AM_I, 1, &check, 1, 100);
  49              		.loc 1 8 5 view .LVU3
  50 0008 354D     		ldr	r5, .L7
ARM GAS  /var/folders/mj/g8q9qvjj1qg4kbgnh_bz76140000gn/T//cc58nZtV.s 			page 2


  51 000a 2978     		ldrb	r1, [r5]	@ zero_extendqisi2
  52 000c 6423     		movs	r3, #100
  53 000e 0293     		str	r3, [sp, #8]
  54 0010 0123     		movs	r3, #1
  55 0012 0193     		str	r3, [sp, #4]
  56 0014 0DF11702 		add	r2, sp, #23
  57 0018 0092     		str	r2, [sp]
  58 001a 7522     		movs	r2, #117
  59 001c 9940     		lsls	r1, r1, r3
  60 001e 3148     		ldr	r0, .L7+4
  61              	.LVL1:
  62              		.loc 1 8 5 is_stmt 0 view .LVU4
  63 0020 0068     		ldr	r0, [r0]
  64 0022 FFF7FEFF 		bl	HAL_I2C_Mem_Read
  65              	.LVL2:
   9:Core/Src/Components/MPU6050.c ****     if (check != ADDRESS) return;
  66              		.loc 1 9 5 is_stmt 1 view .LVU5
  67              		.loc 1 9 15 is_stmt 0 view .LVU6
  68 0026 9DF81730 		ldrb	r3, [sp, #23]	@ zero_extendqisi2
  69 002a 2978     		ldrb	r1, [r5]	@ zero_extendqisi2
  70              		.loc 1 9 8 view .LVU7
  71 002c 8B42     		cmp	r3, r1
  72 002e 52D1     		bne	.L1
  10:Core/Src/Components/MPU6050.c **** 
  11:Core/Src/Components/MPU6050.c ****     // Set Power Management Mode
  12:Core/Src/Components/MPU6050.c ****     uint8_t Power2 = LowerPowerMode ? 0b00111111 : 0;
  73              		.loc 1 12 5 is_stmt 1 view .LVU8
  74              		.loc 1 12 13 is_stmt 0 view .LVU9
  75 0030 002C     		cmp	r4, #0
  76 0032 53D0     		beq	.L5
  77 0034 3F23     		movs	r3, #63
  78              	.L4:
  79              		.loc 1 12 13 discriminator 4 view .LVU10
  80 0036 8DF81630 		strb	r3, [sp, #22]
  13:Core/Src/Components/MPU6050.c ****     uint8_t Power1 = 0b00000000;
  81              		.loc 1 13 5 is_stmt 1 discriminator 4 view .LVU11
  82              		.loc 1 13 13 is_stmt 0 discriminator 4 view .LVU12
  83 003a 4FF00008 		mov	r8, #0
  84 003e 8DF81580 		strb	r8, [sp, #21]
  14:Core/Src/Components/MPU6050.c ****     HAL_I2C_Mem_Write(I2C, ADDRESS << 1, PWR_MGMT_1, 1, &Power1, 1, 100);
  85              		.loc 1 14 5 is_stmt 1 discriminator 4 view .LVU13
  86 0042 284D     		ldr	r5, .L7+4
  87 0044 6426     		movs	r6, #100
  88 0046 0296     		str	r6, [sp, #8]
  89 0048 0124     		movs	r4, #1
  90 004a 0194     		str	r4, [sp, #4]
  91 004c 0DF11503 		add	r3, sp, #21
  92 0050 0093     		str	r3, [sp]
  93 0052 2346     		mov	r3, r4
  94 0054 6B22     		movs	r2, #107
  95 0056 A140     		lsls	r1, r1, r4
  96 0058 2868     		ldr	r0, [r5]
  97 005a FFF7FEFF 		bl	HAL_I2C_Mem_Write
  98              	.LVL3:
  15:Core/Src/Components/MPU6050.c ****     HAL_I2C_Mem_Write(I2C, ADDRESS << 1, PWR_MGMT_2, 1, &Power2, 1, 100);
  99              		.loc 1 15 5 discriminator 4 view .LVU14
 100 005e 204F     		ldr	r7, .L7
ARM GAS  /var/folders/mj/g8q9qvjj1qg4kbgnh_bz76140000gn/T//cc58nZtV.s 			page 3


 101 0060 3978     		ldrb	r1, [r7]	@ zero_extendqisi2
 102 0062 0296     		str	r6, [sp, #8]
 103 0064 0194     		str	r4, [sp, #4]
 104 0066 0DF11603 		add	r3, sp, #22
 105 006a 0093     		str	r3, [sp]
 106 006c 2346     		mov	r3, r4
 107 006e 6C22     		movs	r2, #108
 108 0070 A140     		lsls	r1, r1, r4
 109 0072 2868     		ldr	r0, [r5]
 110 0074 FFF7FEFF 		bl	HAL_I2C_Mem_Write
 111              	.LVL4:
  16:Core/Src/Components/MPU6050.c **** 
  17:Core/Src/Components/MPU6050.c ****     // Disable FIFO
  18:Core/Src/Components/MPU6050.c ****     HAL_I2C_Mem_Write(I2C, ADDRESS << 1, FIFO_EN, 1, 0, 1, 100); // Turns off FIFO Buffer
 112              		.loc 1 18 5 discriminator 4 view .LVU15
 113 0078 3978     		ldrb	r1, [r7]	@ zero_extendqisi2
 114 007a 0296     		str	r6, [sp, #8]
 115 007c 0194     		str	r4, [sp, #4]
 116 007e CDF80080 		str	r8, [sp]
 117 0082 2346     		mov	r3, r4
 118 0084 2322     		movs	r2, #35
 119 0086 A140     		lsls	r1, r1, r4
 120 0088 2868     		ldr	r0, [r5]
 121 008a FFF7FEFF 		bl	HAL_I2C_Mem_Write
 122              	.LVL5:
  19:Core/Src/Components/MPU6050.c ****     // Setup Sample Rate
  20:Core/Src/Components/MPU6050.c ****     uint8_t SampleRate = SAMPLE_RATE;
 123              		.loc 1 20 5 discriminator 4 view .LVU16
 124              		.loc 1 20 13 is_stmt 0 discriminator 4 view .LVU17
 125 008e 0723     		movs	r3, #7
 126 0090 8DF81430 		strb	r3, [sp, #20]
  21:Core/Src/Components/MPU6050.c ****     HAL_I2C_Mem_Write(I2C, ADDRESS << 1, SMPLRT_DIV, 1, &SampleRate, 1, 100); // Sample Rate = Gyro
 127              		.loc 1 21 5 is_stmt 1 discriminator 4 view .LVU18
 128 0094 3978     		ldrb	r1, [r7]	@ zero_extendqisi2
 129 0096 0296     		str	r6, [sp, #8]
 130 0098 0194     		str	r4, [sp, #4]
 131 009a 05AB     		add	r3, sp, #20
 132 009c 0093     		str	r3, [sp]
 133 009e 2346     		mov	r3, r4
 134 00a0 1922     		movs	r2, #25
 135 00a2 A140     		lsls	r1, r1, r4
 136 00a4 2868     		ldr	r0, [r5]
 137 00a6 FFF7FEFF 		bl	HAL_I2C_Mem_Write
 138              	.LVL6:
  22:Core/Src/Components/MPU6050.c ****     // Config Acceleroemter and Gyroscope
  23:Core/Src/Components/MPU6050.c ****     HAL_I2C_Mem_Write(I2C, ADDRESS << 1, ACCEL_CONFIG, 1, 0, 1, 100); // Set Bit 3-4 as 0 for range
 139              		.loc 1 23 5 discriminator 4 view .LVU19
 140 00aa 3978     		ldrb	r1, [r7]	@ zero_extendqisi2
 141 00ac 0296     		str	r6, [sp, #8]
 142 00ae 0194     		str	r4, [sp, #4]
 143 00b0 CDF80080 		str	r8, [sp]
 144 00b4 2346     		mov	r3, r4
 145 00b6 1C22     		movs	r2, #28
 146 00b8 A140     		lsls	r1, r1, r4
 147 00ba 2868     		ldr	r0, [r5]
 148 00bc FFF7FEFF 		bl	HAL_I2C_Mem_Write
 149              	.LVL7:
ARM GAS  /var/folders/mj/g8q9qvjj1qg4kbgnh_bz76140000gn/T//cc58nZtV.s 			page 4


  24:Core/Src/Components/MPU6050.c ****     HAL_I2C_Mem_Write(I2C, ADDRESS << 1, GYRO_CONFIG, 1, 0, 1, 100); // Set Bit 3-4 as 0 for Range 
 150              		.loc 1 24 5 discriminator 4 view .LVU20
 151 00c0 3978     		ldrb	r1, [r7]	@ zero_extendqisi2
 152 00c2 0296     		str	r6, [sp, #8]
 153 00c4 0194     		str	r4, [sp, #4]
 154 00c6 CDF80080 		str	r8, [sp]
 155 00ca 2346     		mov	r3, r4
 156 00cc 1B22     		movs	r2, #27
 157 00ce A140     		lsls	r1, r1, r4
 158 00d0 2868     		ldr	r0, [r5]
 159 00d2 FFF7FEFF 		bl	HAL_I2C_Mem_Write
 160              	.LVL8:
 161              	.L1:
  25:Core/Src/Components/MPU6050.c **** }
 162              		.loc 1 25 1 is_stmt 0 view .LVU21
 163 00d6 06B0     		add	sp, sp, #24
 164              	.LCFI2:
 165              		.cfi_remember_state
 166              		.cfi_def_cfa_offset 24
 167              		@ sp needed
 168 00d8 BDE8F081 		pop	{r4, r5, r6, r7, r8, pc}
 169              	.L5:
 170              	.LCFI3:
 171              		.cfi_restore_state
  12:Core/Src/Components/MPU6050.c ****     uint8_t Power1 = 0b00000000;
 172              		.loc 1 12 13 view .LVU22
 173 00dc 0023     		movs	r3, #0
 174 00de AAE7     		b	.L4
 175              	.L8:
 176              		.align	2
 177              	.L7:
 178 00e0 00000000 		.word	.LANCHOR0
 179 00e4 00000000 		.word	.LANCHOR1
 180              		.cfi_endproc
 181              	.LFE134:
 183              		.global	__aeabi_i2d
 184              		.global	__aeabi_ddiv
 185              		.global	__aeabi_d2iz
 186              		.section	.text.ReadGyro,"ax",%progbits
 187              		.align	1
 188              		.global	ReadGyro
 189              		.syntax unified
 190              		.thumb
 191              		.thumb_func
 193              	ReadGyro:
 194              	.LVL9:
 195              	.LFB135:
  26:Core/Src/Components/MPU6050.c **** 
  27:Core/Src/Components/MPU6050.c **** tuple ReadGyro(void) {
 196              		.loc 1 27 22 is_stmt 1 view -0
 197              		.cfi_startproc
 198              		@ args = 0, pretend = 0, frame = 8
 199              		@ frame_needed = 0, uses_anonymous_args = 0
 200              		.loc 1 27 22 is_stmt 0 view .LVU24
 201 0000 10B5     		push	{r4, lr}
 202              	.LCFI4:
 203              		.cfi_def_cfa_offset 8
ARM GAS  /var/folders/mj/g8q9qvjj1qg4kbgnh_bz76140000gn/T//cc58nZtV.s 			page 5


 204              		.cfi_offset 4, -8
 205              		.cfi_offset 14, -4
 206 0002 86B0     		sub	sp, sp, #24
 207              	.LCFI5:
 208              		.cfi_def_cfa_offset 32
 209 0004 0446     		mov	r4, r0
  28:Core/Src/Components/MPU6050.c ****   uint8_t GyroData[6];
 210              		.loc 1 28 3 is_stmt 1 view .LVU25
  29:Core/Src/Components/MPU6050.c ****   HAL_I2C_Mem_Read(I2C, ADDRESS << 1, GYRO_XOUT_H, 1, GyroData, 6, 100);
 211              		.loc 1 29 3 view .LVU26
 212 0006 244B     		ldr	r3, .L11+8
 213 0008 1978     		ldrb	r1, [r3]	@ zero_extendqisi2
 214 000a 6423     		movs	r3, #100
 215 000c 0293     		str	r3, [sp, #8]
 216 000e 0623     		movs	r3, #6
 217 0010 0193     		str	r3, [sp, #4]
 218 0012 04AB     		add	r3, sp, #16
 219 0014 0093     		str	r3, [sp]
 220 0016 0123     		movs	r3, #1
 221 0018 4322     		movs	r2, #67
 222 001a 9940     		lsls	r1, r1, r3
 223 001c 1F48     		ldr	r0, .L11+12
 224              	.LVL10:
 225              		.loc 1 29 3 is_stmt 0 view .LVU27
 226 001e 0068     		ldr	r0, [r0]
 227 0020 FFF7FEFF 		bl	HAL_I2C_Mem_Read
 228              	.LVL11:
  30:Core/Src/Components/MPU6050.c ****   tuple gyroValues;
 229              		.loc 1 30 3 is_stmt 1 view .LVU28
  31:Core/Src/Components/MPU6050.c ****   gyroValues.x = (int16_t)(GyroData[0] << 8 | GyroData[1]) / GyroLSBSensitivity;
 230              		.loc 1 31 3 view .LVU29
 231              		.loc 1 31 36 is_stmt 0 view .LVU30
 232 0024 9DF81030 		ldrb	r3, [sp, #16]	@ zero_extendqisi2
 233              		.loc 1 31 55 view .LVU31
 234 0028 9DF81100 		ldrb	r0, [sp, #17]	@ zero_extendqisi2
 235              		.loc 1 31 18 view .LVU32
 236 002c 40EA0320 		orr	r0, r0, r3, lsl #8
 237              		.loc 1 31 60 view .LVU33
 238 0030 00B2     		sxth	r0, r0
 239 0032 FFF7FEFF 		bl	__aeabi_i2d
 240              	.LVL12:
 241 0036 16A3     		adr	r3, .L11
 242 0038 D3E90023 		ldrd	r2, [r3]
 243 003c FFF7FEFF 		bl	__aeabi_ddiv
 244              	.LVL13:
 245              		.loc 1 31 16 view .LVU34
 246 0040 FFF7FEFF 		bl	__aeabi_d2iz
 247              	.LVL14:
 248 0044 2080     		strh	r0, [r4]	@ movhi
  32:Core/Src/Components/MPU6050.c ****   gyroValues.y = (int16_t)(GyroData[2] << 8 | GyroData[3]) / GyroLSBSensitivity;
 249              		.loc 1 32 3 is_stmt 1 view .LVU35
 250              		.loc 1 32 36 is_stmt 0 view .LVU36
 251 0046 9DF81230 		ldrb	r3, [sp, #18]	@ zero_extendqisi2
 252              		.loc 1 32 55 view .LVU37
 253 004a 9DF81300 		ldrb	r0, [sp, #19]	@ zero_extendqisi2
 254              		.loc 1 32 18 view .LVU38
 255 004e 40EA0320 		orr	r0, r0, r3, lsl #8
ARM GAS  /var/folders/mj/g8q9qvjj1qg4kbgnh_bz76140000gn/T//cc58nZtV.s 			page 6


 256              		.loc 1 32 60 view .LVU39
 257 0052 00B2     		sxth	r0, r0
 258 0054 FFF7FEFF 		bl	__aeabi_i2d
 259              	.LVL15:
 260 0058 0DA3     		adr	r3, .L11
 261 005a D3E90023 		ldrd	r2, [r3]
 262 005e FFF7FEFF 		bl	__aeabi_ddiv
 263              	.LVL16:
 264              		.loc 1 32 16 view .LVU40
 265 0062 FFF7FEFF 		bl	__aeabi_d2iz
 266              	.LVL17:
 267 0066 6080     		strh	r0, [r4, #2]	@ movhi
  33:Core/Src/Components/MPU6050.c ****   gyroValues.z = (int16_t)(GyroData[4] << 8 | GyroData[5]) / GyroLSBSensitivity;
 268              		.loc 1 33 3 is_stmt 1 view .LVU41
 269              		.loc 1 33 36 is_stmt 0 view .LVU42
 270 0068 9DF81430 		ldrb	r3, [sp, #20]	@ zero_extendqisi2
 271              		.loc 1 33 55 view .LVU43
 272 006c 9DF81500 		ldrb	r0, [sp, #21]	@ zero_extendqisi2
 273              		.loc 1 33 18 view .LVU44
 274 0070 40EA0320 		orr	r0, r0, r3, lsl #8
 275              		.loc 1 33 60 view .LVU45
 276 0074 00B2     		sxth	r0, r0
 277 0076 FFF7FEFF 		bl	__aeabi_i2d
 278              	.LVL18:
 279 007a 05A3     		adr	r3, .L11
 280 007c D3E90023 		ldrd	r2, [r3]
 281 0080 FFF7FEFF 		bl	__aeabi_ddiv
 282              	.LVL19:
 283              		.loc 1 33 16 view .LVU46
 284 0084 FFF7FEFF 		bl	__aeabi_d2iz
 285              	.LVL20:
 286 0088 A080     		strh	r0, [r4, #4]	@ movhi
  34:Core/Src/Components/MPU6050.c ****   return gyroValues;
 287              		.loc 1 34 3 is_stmt 1 view .LVU47
  35:Core/Src/Components/MPU6050.c **** }
 288              		.loc 1 35 1 is_stmt 0 view .LVU48
 289 008a 2046     		mov	r0, r4
 290 008c 06B0     		add	sp, sp, #24
 291              	.LCFI6:
 292              		.cfi_def_cfa_offset 8
 293              		@ sp needed
 294 008e 10BD     		pop	{r4, pc}
 295              	.LVL21:
 296              	.L12:
 297              		.loc 1 35 1 view .LVU49
 298              		.align	3
 299              	.L11:
 300 0090 66666666 		.word	1717986918
 301 0094 66663040 		.word	1076913766
 302 0098 00000000 		.word	.LANCHOR0
 303 009c 00000000 		.word	.LANCHOR1
 304              		.cfi_endproc
 305              	.LFE135:
 307              		.section	.text.ReadAccel,"ax",%progbits
 308              		.align	1
 309              		.global	ReadAccel
 310              		.syntax unified
ARM GAS  /var/folders/mj/g8q9qvjj1qg4kbgnh_bz76140000gn/T//cc58nZtV.s 			page 7


 311              		.thumb
 312              		.thumb_func
 314              	ReadAccel:
 315              	.LVL22:
 316              	.LFB136:
  36:Core/Src/Components/MPU6050.c **** 
  37:Core/Src/Components/MPU6050.c **** tuple ReadAccel(void) {
 317              		.loc 1 37 23 is_stmt 1 view -0
 318              		.cfi_startproc
 319              		@ args = 0, pretend = 0, frame = 8
 320              		@ frame_needed = 0, uses_anonymous_args = 0
 321              		.loc 1 37 23 is_stmt 0 view .LVU51
 322 0000 10B5     		push	{r4, lr}
 323              	.LCFI7:
 324              		.cfi_def_cfa_offset 8
 325              		.cfi_offset 4, -8
 326              		.cfi_offset 14, -4
 327 0002 86B0     		sub	sp, sp, #24
 328              	.LCFI8:
 329              		.cfi_def_cfa_offset 32
 330 0004 0446     		mov	r4, r0
  38:Core/Src/Components/MPU6050.c ****   uint8_t AccelData[6];
 331              		.loc 1 38 3 is_stmt 1 view .LVU52
  39:Core/Src/Components/MPU6050.c ****   HAL_I2C_Mem_Read(I2C, ADDRESS << 1, ACCEL_XOUT_H, 1, AccelData, 6, 100);
 332              		.loc 1 39 3 view .LVU53
 333 0006 1E4B     		ldr	r3, .L21
 334 0008 1978     		ldrb	r1, [r3]	@ zero_extendqisi2
 335 000a 6423     		movs	r3, #100
 336 000c 0293     		str	r3, [sp, #8]
 337 000e 0623     		movs	r3, #6
 338 0010 0193     		str	r3, [sp, #4]
 339 0012 04AB     		add	r3, sp, #16
 340 0014 0093     		str	r3, [sp]
 341 0016 0123     		movs	r3, #1
 342 0018 3B22     		movs	r2, #59
 343 001a 9940     		lsls	r1, r1, r3
 344 001c 1948     		ldr	r0, .L21+4
 345              	.LVL23:
 346              		.loc 1 39 3 is_stmt 0 view .LVU54
 347 001e 0068     		ldr	r0, [r0]
 348 0020 FFF7FEFF 		bl	HAL_I2C_Mem_Read
 349              	.LVL24:
  40:Core/Src/Components/MPU6050.c ****   tuple accelValues;
 350              		.loc 1 40 3 is_stmt 1 view .LVU55
  41:Core/Src/Components/MPU6050.c ****   accelValues.x = (int16_t)(AccelData[0] << 8 | AccelData[1]) / AccelLSBSensitivity;
 351              		.loc 1 41 3 view .LVU56
 352              		.loc 1 41 38 is_stmt 0 view .LVU57
 353 0024 9DF81020 		ldrb	r2, [sp, #16]	@ zero_extendqisi2
 354              		.loc 1 41 58 view .LVU58
 355 0028 9DF81130 		ldrb	r3, [sp, #17]	@ zero_extendqisi2
 356              		.loc 1 41 19 view .LVU59
 357 002c 43EA0223 		orr	r3, r3, r2, lsl #8
 358 0030 1BB2     		sxth	r3, r3
 359              		.loc 1 41 17 view .LVU60
 360 0032 002B     		cmp	r3, #0
 361 0034 1ADB     		blt	.L18
 362              	.L14:
ARM GAS  /var/folders/mj/g8q9qvjj1qg4kbgnh_bz76140000gn/T//cc58nZtV.s 			page 8


 363 0036 DB12     		asrs	r3, r3, #11
 364 0038 2380     		strh	r3, [r4]	@ movhi
  42:Core/Src/Components/MPU6050.c ****   accelValues.y = (int16_t)(AccelData[2] << 8 | AccelData[3]) / AccelLSBSensitivity;
 365              		.loc 1 42 3 is_stmt 1 view .LVU61
 366              		.loc 1 42 38 is_stmt 0 view .LVU62
 367 003a 9DF81220 		ldrb	r2, [sp, #18]	@ zero_extendqisi2
 368              		.loc 1 42 58 view .LVU63
 369 003e 9DF81330 		ldrb	r3, [sp, #19]	@ zero_extendqisi2
 370              		.loc 1 42 19 view .LVU64
 371 0042 43EA0223 		orr	r3, r3, r2, lsl #8
 372 0046 1BB2     		sxth	r3, r3
 373              		.loc 1 42 17 view .LVU65
 374 0048 002B     		cmp	r3, #0
 375 004a 12DB     		blt	.L19
 376              	.L15:
 377 004c DB12     		asrs	r3, r3, #11
 378 004e 6380     		strh	r3, [r4, #2]	@ movhi
  43:Core/Src/Components/MPU6050.c ****   accelValues.z = (int16_t)(AccelData[4] << 8 | AccelData[5]) / AccelLSBSensitivity;
 379              		.loc 1 43 3 is_stmt 1 view .LVU66
 380              		.loc 1 43 38 is_stmt 0 view .LVU67
 381 0050 9DF81420 		ldrb	r2, [sp, #20]	@ zero_extendqisi2
 382              		.loc 1 43 58 view .LVU68
 383 0054 9DF81530 		ldrb	r3, [sp, #21]	@ zero_extendqisi2
 384              		.loc 1 43 19 view .LVU69
 385 0058 43EA0223 		orr	r3, r3, r2, lsl #8
 386 005c 1BB2     		sxth	r3, r3
 387              		.loc 1 43 17 view .LVU70
 388 005e 002B     		cmp	r3, #0
 389 0060 0ADB     		blt	.L20
 390              	.L16:
 391 0062 DB12     		asrs	r3, r3, #11
 392 0064 A380     		strh	r3, [r4, #4]	@ movhi
  44:Core/Src/Components/MPU6050.c ****   return accelValues;
 393              		.loc 1 44 3 is_stmt 1 view .LVU71
  45:Core/Src/Components/MPU6050.c **** }
 394              		.loc 1 45 1 is_stmt 0 view .LVU72
 395 0066 2046     		mov	r0, r4
 396 0068 06B0     		add	sp, sp, #24
 397              	.LCFI9:
 398              		.cfi_remember_state
 399              		.cfi_def_cfa_offset 8
 400              		@ sp needed
 401 006a 10BD     		pop	{r4, pc}
 402              	.LVL25:
 403              	.L18:
 404              	.LCFI10:
 405              		.cfi_restore_state
  41:Core/Src/Components/MPU6050.c ****   accelValues.y = (int16_t)(AccelData[2] << 8 | AccelData[3]) / AccelLSBSensitivity;
 406              		.loc 1 41 17 view .LVU73
 407 006c 03F2FF73 		addw	r3, r3, #2047
 408 0070 E1E7     		b	.L14
 409              	.L19:
  42:Core/Src/Components/MPU6050.c ****   accelValues.z = (int16_t)(AccelData[4] << 8 | AccelData[5]) / AccelLSBSensitivity;
 410              		.loc 1 42 17 view .LVU74
 411 0072 03F2FF73 		addw	r3, r3, #2047
 412 0076 E9E7     		b	.L15
 413              	.L20:
ARM GAS  /var/folders/mj/g8q9qvjj1qg4kbgnh_bz76140000gn/T//cc58nZtV.s 			page 9


  43:Core/Src/Components/MPU6050.c ****   return accelValues;
 414              		.loc 1 43 17 view .LVU75
 415 0078 03F2FF73 		addw	r3, r3, #2047
 416 007c F1E7     		b	.L16
 417              	.L22:
 418 007e 00BF     		.align	2
 419              	.L21:
 420 0080 00000000 		.word	.LANCHOR0
 421 0084 00000000 		.word	.LANCHOR1
 422              		.cfi_endproc
 423              	.LFE136:
 425              		.global	__aeabi_dadd
 426              		.section	.text.ReadTemp,"ax",%progbits
 427              		.align	1
 428              		.global	ReadTemp
 429              		.syntax unified
 430              		.thumb
 431              		.thumb_func
 433              	ReadTemp:
 434              	.LFB137:
  46:Core/Src/Components/MPU6050.c **** 
  47:Core/Src/Components/MPU6050.c **** int16_t ReadTemp(void) {
 435              		.loc 1 47 24 is_stmt 1 view -0
 436              		.cfi_startproc
 437              		@ args = 0, pretend = 0, frame = 8
 438              		@ frame_needed = 0, uses_anonymous_args = 0
 439 0000 00B5     		push	{lr}
 440              	.LCFI11:
 441              		.cfi_def_cfa_offset 4
 442              		.cfi_offset 14, -4
 443 0002 87B0     		sub	sp, sp, #28
 444              	.LCFI12:
 445              		.cfi_def_cfa_offset 32
  48:Core/Src/Components/MPU6050.c ****   uint8_t TempData[2];
 446              		.loc 1 48 3 view .LVU77
  49:Core/Src/Components/MPU6050.c ****   HAL_I2C_Mem_Read(I2C, ADDRESS << 1, TEMP_OUT_H, 1, TempData, 2, 100);
 447              		.loc 1 49 3 view .LVU78
 448 0004 164B     		ldr	r3, .L25+8
 449 0006 1978     		ldrb	r1, [r3]	@ zero_extendqisi2
 450 0008 6423     		movs	r3, #100
 451 000a 0293     		str	r3, [sp, #8]
 452 000c 0223     		movs	r3, #2
 453 000e 0193     		str	r3, [sp, #4]
 454 0010 05AB     		add	r3, sp, #20
 455 0012 0093     		str	r3, [sp]
 456 0014 0123     		movs	r3, #1
 457 0016 4122     		movs	r2, #65
 458 0018 9940     		lsls	r1, r1, r3
 459 001a 1248     		ldr	r0, .L25+12
 460 001c 0068     		ldr	r0, [r0]
 461 001e FFF7FEFF 		bl	HAL_I2C_Mem_Read
 462              	.LVL26:
  50:Core/Src/Components/MPU6050.c ****   return (int16_t)(TempData[0] << 8 | TempData[1]) / 340.0 + 36.53;
 463              		.loc 1 50 3 view .LVU79
 464              		.loc 1 50 28 is_stmt 0 view .LVU80
 465 0022 9DF81430 		ldrb	r3, [sp, #20]	@ zero_extendqisi2
 466              		.loc 1 50 47 view .LVU81
ARM GAS  /var/folders/mj/g8q9qvjj1qg4kbgnh_bz76140000gn/T//cc58nZtV.s 			page 10


 467 0026 9DF81500 		ldrb	r0, [sp, #21]	@ zero_extendqisi2
 468              		.loc 1 50 10 view .LVU82
 469 002a 40EA0320 		orr	r0, r0, r3, lsl #8
 470              		.loc 1 50 52 view .LVU83
 471 002e 00B2     		sxth	r0, r0
 472 0030 FFF7FEFF 		bl	__aeabi_i2d
 473              	.LVL27:
 474 0034 0022     		movs	r2, #0
 475 0036 0C4B     		ldr	r3, .L25+16
 476 0038 FFF7FEFF 		bl	__aeabi_ddiv
 477              	.LVL28:
 478              		.loc 1 50 60 view .LVU84
 479 003c 06A3     		adr	r3, .L25
 480 003e D3E90023 		ldrd	r2, [r3]
 481 0042 FFF7FEFF 		bl	__aeabi_dadd
 482              	.LVL29:
 483 0046 FFF7FEFF 		bl	__aeabi_d2iz
 484              	.LVL30:
  51:Core/Src/Components/MPU6050.c **** }
 485              		.loc 1 51 1 view .LVU85
 486 004a 00B2     		sxth	r0, r0
 487 004c 07B0     		add	sp, sp, #28
 488              	.LCFI13:
 489              		.cfi_def_cfa_offset 4
 490              		@ sp needed
 491 004e 5DF804FB 		ldr	pc, [sp], #4
 492              	.L26:
 493 0052 00BFAFF3 		.align	3
 493      0080
 494              	.L25:
 495 0058 A4703D0A 		.word	171798692
 496 005c D7434240 		.word	1078084567
 497 0060 00000000 		.word	.LANCHOR0
 498 0064 00000000 		.word	.LANCHOR1
 499 0068 00407540 		.word	1081425920
 500              		.cfi_endproc
 501              	.LFE137:
 503              		.global	I2C
 504              		.global	ADDRESS
 505              		.section	.data.ADDRESS,"aw"
 506              		.set	.LANCHOR0,. + 0
 509              	ADDRESS:
 510 0000 68       		.byte	104
 511              		.section	.data.I2C,"aw"
 512              		.align	2
 513              		.set	.LANCHOR1,. + 0
 516              	I2C:
 517 0000 00000000 		.word	hi2c1
 518              		.text
 519              	.Letext0:
 520              		.file 2 "/usr/local/Cellar/arm-none-eabi-gcc/10.3-2021.10/gcc/arm-none-eabi/include/machine/_defau
 521              		.file 3 "/usr/local/Cellar/arm-none-eabi-gcc/10.3-2021.10/gcc/arm-none-eabi/include/sys/_stdint.h"
 522              		.file 4 "Drivers/CMSIS/Device/ST/STM32F4xx/Include/stm32f401xe.h"
 523              		.file 5 "Drivers/STM32F4xx_HAL_Driver/Inc/stm32f4xx_hal_def.h"
 524              		.file 6 "Drivers/STM32F4xx_HAL_Driver/Inc/stm32f4xx_hal_dma.h"
 525              		.file 7 "Drivers/STM32F4xx_HAL_Driver/Inc/stm32f4xx_hal_i2c.h"
 526              		.file 8 "Core/Inc/Components/MPU6050.h"
ARM GAS  /var/folders/mj/g8q9qvjj1qg4kbgnh_bz76140000gn/T//cc58nZtV.s 			page 11


 527              		.file 9 "Core/Inc/CommunicationProtocol/i2c.h"
ARM GAS  /var/folders/mj/g8q9qvjj1qg4kbgnh_bz76140000gn/T//cc58nZtV.s 			page 12


DEFINED SYMBOLS
                            *ABS*:0000000000000000 MPU6050.c
/var/folders/mj/g8q9qvjj1qg4kbgnh_bz76140000gn/T//cc58nZtV.s:20     .text.Initialize:0000000000000000 $t
/var/folders/mj/g8q9qvjj1qg4kbgnh_bz76140000gn/T//cc58nZtV.s:26     .text.Initialize:0000000000000000 Initialize
/var/folders/mj/g8q9qvjj1qg4kbgnh_bz76140000gn/T//cc58nZtV.s:178    .text.Initialize:00000000000000e0 $d
/var/folders/mj/g8q9qvjj1qg4kbgnh_bz76140000gn/T//cc58nZtV.s:187    .text.ReadGyro:0000000000000000 $t
/var/folders/mj/g8q9qvjj1qg4kbgnh_bz76140000gn/T//cc58nZtV.s:193    .text.ReadGyro:0000000000000000 ReadGyro
/var/folders/mj/g8q9qvjj1qg4kbgnh_bz76140000gn/T//cc58nZtV.s:300    .text.ReadGyro:0000000000000090 $d
/var/folders/mj/g8q9qvjj1qg4kbgnh_bz76140000gn/T//cc58nZtV.s:308    .text.ReadAccel:0000000000000000 $t
/var/folders/mj/g8q9qvjj1qg4kbgnh_bz76140000gn/T//cc58nZtV.s:314    .text.ReadAccel:0000000000000000 ReadAccel
/var/folders/mj/g8q9qvjj1qg4kbgnh_bz76140000gn/T//cc58nZtV.s:420    .text.ReadAccel:0000000000000080 $d
/var/folders/mj/g8q9qvjj1qg4kbgnh_bz76140000gn/T//cc58nZtV.s:427    .text.ReadTemp:0000000000000000 $t
/var/folders/mj/g8q9qvjj1qg4kbgnh_bz76140000gn/T//cc58nZtV.s:433    .text.ReadTemp:0000000000000000 ReadTemp
/var/folders/mj/g8q9qvjj1qg4kbgnh_bz76140000gn/T//cc58nZtV.s:495    .text.ReadTemp:0000000000000058 $d
/var/folders/mj/g8q9qvjj1qg4kbgnh_bz76140000gn/T//cc58nZtV.s:516    .data.I2C:0000000000000000 I2C
/var/folders/mj/g8q9qvjj1qg4kbgnh_bz76140000gn/T//cc58nZtV.s:509    .data.ADDRESS:0000000000000000 ADDRESS
/var/folders/mj/g8q9qvjj1qg4kbgnh_bz76140000gn/T//cc58nZtV.s:512    .data.I2C:0000000000000000 $d

UNDEFINED SYMBOLS
HAL_I2C_Mem_Read
HAL_I2C_Mem_Write
__aeabi_i2d
__aeabi_ddiv
__aeabi_d2iz
__aeabi_dadd
hi2c1
