ARM GAS  /var/folders/mj/g8q9qvjj1qg4kbgnh_bz76140000gn/T//cc03UUSq.s 			page 1


   1              		.cpu cortex-m4
   2              		.arch armv7e-m
   3              		.fpu fpv4-sp-d16
   4              		.eabi_attribute 27, 1
   5              		.eabi_attribute 28, 1
   6              		.eabi_attribute 20, 1
   7              		.eabi_attribute 21, 1
   8              		.eabi_attribute 23, 3
   9              		.eabi_attribute 24, 1
  10              		.eabi_attribute 25, 1
  11              		.eabi_attribute 26, 1
  12              		.eabi_attribute 30, 1
  13              		.eabi_attribute 34, 1
  14              		.eabi_attribute 18, 4
  15              		.file	"spi.c"
  16              		.text
  17              	.Ltext0:
  18              		.cfi_sections	.debug_frame
  19              		.section	.text.MX_SPI1_Init,"ax",%progbits
  20              		.align	1
  21              		.global	MX_SPI1_Init
  22              		.syntax unified
  23              		.thumb
  24              		.thumb_func
  26              	MX_SPI1_Init:
  27              	.LFB134:
  28              		.file 1 "Core/Src/CommunicationProtocol/spi.c"
   1:Core/Src/CommunicationProtocol/spi.c **** /* USER CODE BEGIN Header */
   2:Core/Src/CommunicationProtocol/spi.c **** /**
   3:Core/Src/CommunicationProtocol/spi.c ****   ******************************************************************************
   4:Core/Src/CommunicationProtocol/spi.c ****   * @file    spi.c
   5:Core/Src/CommunicationProtocol/spi.c ****   * @brief   This file provides code for the configuration
   6:Core/Src/CommunicationProtocol/spi.c ****   *          of the SPI instances.
   7:Core/Src/CommunicationProtocol/spi.c ****   ******************************************************************************
   8:Core/Src/CommunicationProtocol/spi.c ****   * @attention
   9:Core/Src/CommunicationProtocol/spi.c ****   *
  10:Core/Src/CommunicationProtocol/spi.c ****   * Copyright (c) 2024 STMicroelectronics.
  11:Core/Src/CommunicationProtocol/spi.c ****   * All rights reserved.
  12:Core/Src/CommunicationProtocol/spi.c ****   *
  13:Core/Src/CommunicationProtocol/spi.c ****   * This software is licensed under terms that can be found in the LICENSE file
  14:Core/Src/CommunicationProtocol/spi.c ****   * in the root directory of this software component.
  15:Core/Src/CommunicationProtocol/spi.c ****   * If no LICENSE file comes with this software, it is provided AS-IS.
  16:Core/Src/CommunicationProtocol/spi.c ****   *
  17:Core/Src/CommunicationProtocol/spi.c ****   ******************************************************************************
  18:Core/Src/CommunicationProtocol/spi.c ****   */
  19:Core/Src/CommunicationProtocol/spi.c **** /* USER CODE END Header */
  20:Core/Src/CommunicationProtocol/spi.c **** /* Includes ------------------------------------------------------------------*/
  21:Core/Src/CommunicationProtocol/spi.c **** #include "CommunicationProtocol/spi.h"
  22:Core/Src/CommunicationProtocol/spi.c **** 
  23:Core/Src/CommunicationProtocol/spi.c **** /* USER CODE BEGIN 0 */
  24:Core/Src/CommunicationProtocol/spi.c **** 
  25:Core/Src/CommunicationProtocol/spi.c **** /* USER CODE END 0 */
  26:Core/Src/CommunicationProtocol/spi.c **** 
  27:Core/Src/CommunicationProtocol/spi.c **** SPI_HandleTypeDef hspi1;
  28:Core/Src/CommunicationProtocol/spi.c **** 
  29:Core/Src/CommunicationProtocol/spi.c **** /* SPI1 init function */
  30:Core/Src/CommunicationProtocol/spi.c **** void MX_SPI1_Init(void)
ARM GAS  /var/folders/mj/g8q9qvjj1qg4kbgnh_bz76140000gn/T//cc03UUSq.s 			page 2


  31:Core/Src/CommunicationProtocol/spi.c **** {
  29              		.loc 1 31 1 view -0
  30              		.cfi_startproc
  31              		@ args = 0, pretend = 0, frame = 0
  32              		@ frame_needed = 0, uses_anonymous_args = 0
  33 0000 08B5     		push	{r3, lr}
  34              	.LCFI0:
  35              		.cfi_def_cfa_offset 8
  36              		.cfi_offset 3, -8
  37              		.cfi_offset 14, -4
  32:Core/Src/CommunicationProtocol/spi.c ****   hspi1.Instance = SPI1;
  38              		.loc 1 32 3 view .LVU1
  39              		.loc 1 32 18 is_stmt 0 view .LVU2
  40 0002 0D48     		ldr	r0, .L5
  41 0004 0D4B     		ldr	r3, .L5+4
  42 0006 0360     		str	r3, [r0]
  33:Core/Src/CommunicationProtocol/spi.c ****   hspi1.Init.Mode = SPI_MODE_MASTER;
  43              		.loc 1 33 3 is_stmt 1 view .LVU3
  44              		.loc 1 33 19 is_stmt 0 view .LVU4
  45 0008 4FF48273 		mov	r3, #260
  46 000c 4360     		str	r3, [r0, #4]
  34:Core/Src/CommunicationProtocol/spi.c ****   hspi1.Init.Direction = SPI_DIRECTION_2LINES;
  47              		.loc 1 34 3 is_stmt 1 view .LVU5
  48              		.loc 1 34 24 is_stmt 0 view .LVU6
  49 000e 0023     		movs	r3, #0
  50 0010 8360     		str	r3, [r0, #8]
  35:Core/Src/CommunicationProtocol/spi.c ****   hspi1.Init.DataSize = SPI_DATASIZE_8BIT;
  51              		.loc 1 35 3 is_stmt 1 view .LVU7
  52              		.loc 1 35 23 is_stmt 0 view .LVU8
  53 0012 C360     		str	r3, [r0, #12]
  36:Core/Src/CommunicationProtocol/spi.c ****   hspi1.Init.CLKPolarity = SPI_POLARITY_LOW;
  54              		.loc 1 36 3 is_stmt 1 view .LVU9
  55              		.loc 1 36 26 is_stmt 0 view .LVU10
  56 0014 0361     		str	r3, [r0, #16]
  37:Core/Src/CommunicationProtocol/spi.c ****   hspi1.Init.CLKPhase = SPI_PHASE_1EDGE;
  57              		.loc 1 37 3 is_stmt 1 view .LVU11
  58              		.loc 1 37 23 is_stmt 0 view .LVU12
  59 0016 4361     		str	r3, [r0, #20]
  38:Core/Src/CommunicationProtocol/spi.c ****   hspi1.Init.NSS = SPI_NSS_SOFT;
  60              		.loc 1 38 3 is_stmt 1 view .LVU13
  61              		.loc 1 38 18 is_stmt 0 view .LVU14
  62 0018 4FF40072 		mov	r2, #512
  63 001c 8261     		str	r2, [r0, #24]
  39:Core/Src/CommunicationProtocol/spi.c ****   hspi1.Init.BaudRatePrescaler = SPI_BAUDRATEPRESCALER_2;
  64              		.loc 1 39 3 is_stmt 1 view .LVU15
  65              		.loc 1 39 32 is_stmt 0 view .LVU16
  66 001e C361     		str	r3, [r0, #28]
  40:Core/Src/CommunicationProtocol/spi.c ****   hspi1.Init.FirstBit = SPI_FIRSTBIT_MSB;
  67              		.loc 1 40 3 is_stmt 1 view .LVU17
  68              		.loc 1 40 23 is_stmt 0 view .LVU18
  69 0020 0362     		str	r3, [r0, #32]
  41:Core/Src/CommunicationProtocol/spi.c ****   hspi1.Init.TIMode = SPI_TIMODE_DISABLE;
  70              		.loc 1 41 3 is_stmt 1 view .LVU19
  71              		.loc 1 41 21 is_stmt 0 view .LVU20
  72 0022 4362     		str	r3, [r0, #36]
  42:Core/Src/CommunicationProtocol/spi.c ****   hspi1.Init.CRCCalculation = SPI_CRCCALCULATION_DISABLE;
  73              		.loc 1 42 3 is_stmt 1 view .LVU21
ARM GAS  /var/folders/mj/g8q9qvjj1qg4kbgnh_bz76140000gn/T//cc03UUSq.s 			page 3


  74              		.loc 1 42 29 is_stmt 0 view .LVU22
  75 0024 8362     		str	r3, [r0, #40]
  43:Core/Src/CommunicationProtocol/spi.c ****   hspi1.Init.CRCPolynomial = 10;
  76              		.loc 1 43 3 is_stmt 1 view .LVU23
  77              		.loc 1 43 28 is_stmt 0 view .LVU24
  78 0026 0A23     		movs	r3, #10
  79 0028 C362     		str	r3, [r0, #44]
  44:Core/Src/CommunicationProtocol/spi.c ****   if (HAL_SPI_Init(&hspi1) != HAL_OK)
  80              		.loc 1 44 3 is_stmt 1 view .LVU25
  81              		.loc 1 44 7 is_stmt 0 view .LVU26
  82 002a FFF7FEFF 		bl	HAL_SPI_Init
  83              	.LVL0:
  84              		.loc 1 44 6 view .LVU27
  85 002e 00B9     		cbnz	r0, .L4
  86              	.L1:
  45:Core/Src/CommunicationProtocol/spi.c ****   {
  46:Core/Src/CommunicationProtocol/spi.c ****     Error_Handler();
  47:Core/Src/CommunicationProtocol/spi.c ****   }
  48:Core/Src/CommunicationProtocol/spi.c **** 
  49:Core/Src/CommunicationProtocol/spi.c **** }
  87              		.loc 1 49 1 view .LVU28
  88 0030 08BD     		pop	{r3, pc}
  89              	.L4:
  46:Core/Src/CommunicationProtocol/spi.c ****   }
  90              		.loc 1 46 5 is_stmt 1 view .LVU29
  91 0032 FFF7FEFF 		bl	Error_Handler
  92              	.LVL1:
  93              		.loc 1 49 1 is_stmt 0 view .LVU30
  94 0036 FBE7     		b	.L1
  95              	.L6:
  96              		.align	2
  97              	.L5:
  98 0038 00000000 		.word	.LANCHOR0
  99 003c 00300140 		.word	1073819648
 100              		.cfi_endproc
 101              	.LFE134:
 103              		.section	.text.HAL_SPI_MspInit,"ax",%progbits
 104              		.align	1
 105              		.global	HAL_SPI_MspInit
 106              		.syntax unified
 107              		.thumb
 108              		.thumb_func
 110              	HAL_SPI_MspInit:
 111              	.LVL2:
 112              	.LFB135:
  50:Core/Src/CommunicationProtocol/spi.c **** 
  51:Core/Src/CommunicationProtocol/spi.c **** void HAL_SPI_MspInit(SPI_HandleTypeDef* spiHandle)
  52:Core/Src/CommunicationProtocol/spi.c **** {
 113              		.loc 1 52 1 is_stmt 1 view -0
 114              		.cfi_startproc
 115              		@ args = 0, pretend = 0, frame = 32
 116              		@ frame_needed = 0, uses_anonymous_args = 0
 117              		.loc 1 52 1 is_stmt 0 view .LVU32
 118 0000 F0B5     		push	{r4, r5, r6, r7, lr}
 119              	.LCFI1:
 120              		.cfi_def_cfa_offset 20
 121              		.cfi_offset 4, -20
ARM GAS  /var/folders/mj/g8q9qvjj1qg4kbgnh_bz76140000gn/T//cc03UUSq.s 			page 4


 122              		.cfi_offset 5, -16
 123              		.cfi_offset 6, -12
 124              		.cfi_offset 7, -8
 125              		.cfi_offset 14, -4
 126 0002 89B0     		sub	sp, sp, #36
 127              	.LCFI2:
 128              		.cfi_def_cfa_offset 56
  53:Core/Src/CommunicationProtocol/spi.c **** 
  54:Core/Src/CommunicationProtocol/spi.c ****   GPIO_InitTypeDef GPIO_InitStruct = {0};
 129              		.loc 1 54 3 is_stmt 1 view .LVU33
 130              		.loc 1 54 20 is_stmt 0 view .LVU34
 131 0004 0023     		movs	r3, #0
 132 0006 0393     		str	r3, [sp, #12]
 133 0008 0493     		str	r3, [sp, #16]
 134 000a 0593     		str	r3, [sp, #20]
 135 000c 0693     		str	r3, [sp, #24]
 136 000e 0793     		str	r3, [sp, #28]
  55:Core/Src/CommunicationProtocol/spi.c ****   if(spiHandle->Instance==SPI1)
 137              		.loc 1 55 3 is_stmt 1 view .LVU35
 138              		.loc 1 55 15 is_stmt 0 view .LVU36
 139 0010 0268     		ldr	r2, [r0]
 140              		.loc 1 55 5 view .LVU37
 141 0012 1E4B     		ldr	r3, .L11
 142 0014 9A42     		cmp	r2, r3
 143 0016 01D0     		beq	.L10
 144              	.LVL3:
 145              	.L7:
  56:Core/Src/CommunicationProtocol/spi.c ****   {
  57:Core/Src/CommunicationProtocol/spi.c ****     /* SPI1 clock enable */
  58:Core/Src/CommunicationProtocol/spi.c ****     __HAL_RCC_SPI1_CLK_ENABLE();
  59:Core/Src/CommunicationProtocol/spi.c **** 
  60:Core/Src/CommunicationProtocol/spi.c ****     __HAL_RCC_GPIOA_CLK_ENABLE();
  61:Core/Src/CommunicationProtocol/spi.c ****     __HAL_RCC_GPIOB_CLK_ENABLE();
  62:Core/Src/CommunicationProtocol/spi.c ****     /**SPI1 GPIO Configuration
  63:Core/Src/CommunicationProtocol/spi.c ****     PA5     ------> SPI1_SCK
  64:Core/Src/CommunicationProtocol/spi.c ****     PA7     ------> SPI1_MOSI
  65:Core/Src/CommunicationProtocol/spi.c ****     PB4     ------> SPI1_MISO
  66:Core/Src/CommunicationProtocol/spi.c ****     */
  67:Core/Src/CommunicationProtocol/spi.c ****     GPIO_InitStruct.Pin = GPIO_PIN_5|GPIO_PIN_7;
  68:Core/Src/CommunicationProtocol/spi.c ****     GPIO_InitStruct.Mode = GPIO_MODE_AF_PP;
  69:Core/Src/CommunicationProtocol/spi.c ****     GPIO_InitStruct.Pull = GPIO_NOPULL;
  70:Core/Src/CommunicationProtocol/spi.c ****     GPIO_InitStruct.Speed = GPIO_SPEED_FREQ_VERY_HIGH;
  71:Core/Src/CommunicationProtocol/spi.c ****     GPIO_InitStruct.Alternate = GPIO_AF5_SPI1;
  72:Core/Src/CommunicationProtocol/spi.c ****     HAL_GPIO_Init(GPIOA, &GPIO_InitStruct);
  73:Core/Src/CommunicationProtocol/spi.c **** 
  74:Core/Src/CommunicationProtocol/spi.c ****     GPIO_InitStruct.Pin = GPIO_PIN_4;
  75:Core/Src/CommunicationProtocol/spi.c ****     GPIO_InitStruct.Mode = GPIO_MODE_AF_PP;
  76:Core/Src/CommunicationProtocol/spi.c ****     GPIO_InitStruct.Pull = GPIO_NOPULL;
  77:Core/Src/CommunicationProtocol/spi.c ****     GPIO_InitStruct.Speed = GPIO_SPEED_FREQ_VERY_HIGH;
  78:Core/Src/CommunicationProtocol/spi.c ****     GPIO_InitStruct.Alternate = GPIO_AF5_SPI1;
  79:Core/Src/CommunicationProtocol/spi.c ****     HAL_GPIO_Init(GPIOB, &GPIO_InitStruct);
  80:Core/Src/CommunicationProtocol/spi.c ****   }
  81:Core/Src/CommunicationProtocol/spi.c **** }
 146              		.loc 1 81 1 view .LVU38
 147 0018 09B0     		add	sp, sp, #36
 148              	.LCFI3:
 149              		.cfi_remember_state
ARM GAS  /var/folders/mj/g8q9qvjj1qg4kbgnh_bz76140000gn/T//cc03UUSq.s 			page 5


 150              		.cfi_def_cfa_offset 20
 151              		@ sp needed
 152 001a F0BD     		pop	{r4, r5, r6, r7, pc}
 153              	.LVL4:
 154              	.L10:
 155              	.LCFI4:
 156              		.cfi_restore_state
  58:Core/Src/CommunicationProtocol/spi.c **** 
 157              		.loc 1 58 5 is_stmt 1 view .LVU39
 158              	.LBB2:
  58:Core/Src/CommunicationProtocol/spi.c **** 
 159              		.loc 1 58 5 view .LVU40
 160 001c 0024     		movs	r4, #0
 161 001e 0094     		str	r4, [sp]
  58:Core/Src/CommunicationProtocol/spi.c **** 
 162              		.loc 1 58 5 view .LVU41
 163 0020 03F58433 		add	r3, r3, #67584
 164 0024 5A6C     		ldr	r2, [r3, #68]
 165 0026 42F48052 		orr	r2, r2, #4096
 166 002a 5A64     		str	r2, [r3, #68]
  58:Core/Src/CommunicationProtocol/spi.c **** 
 167              		.loc 1 58 5 view .LVU42
 168 002c 5A6C     		ldr	r2, [r3, #68]
 169 002e 02F48052 		and	r2, r2, #4096
 170 0032 0092     		str	r2, [sp]
  58:Core/Src/CommunicationProtocol/spi.c **** 
 171              		.loc 1 58 5 view .LVU43
 172 0034 009A     		ldr	r2, [sp]
 173              	.LBE2:
  58:Core/Src/CommunicationProtocol/spi.c **** 
 174              		.loc 1 58 5 view .LVU44
  60:Core/Src/CommunicationProtocol/spi.c ****     __HAL_RCC_GPIOB_CLK_ENABLE();
 175              		.loc 1 60 5 view .LVU45
 176              	.LBB3:
  60:Core/Src/CommunicationProtocol/spi.c ****     __HAL_RCC_GPIOB_CLK_ENABLE();
 177              		.loc 1 60 5 view .LVU46
 178 0036 0194     		str	r4, [sp, #4]
  60:Core/Src/CommunicationProtocol/spi.c ****     __HAL_RCC_GPIOB_CLK_ENABLE();
 179              		.loc 1 60 5 view .LVU47
 180 0038 1A6B     		ldr	r2, [r3, #48]
 181 003a 42F00102 		orr	r2, r2, #1
 182 003e 1A63     		str	r2, [r3, #48]
  60:Core/Src/CommunicationProtocol/spi.c ****     __HAL_RCC_GPIOB_CLK_ENABLE();
 183              		.loc 1 60 5 view .LVU48
 184 0040 1A6B     		ldr	r2, [r3, #48]
 185 0042 02F00102 		and	r2, r2, #1
 186 0046 0192     		str	r2, [sp, #4]
  60:Core/Src/CommunicationProtocol/spi.c ****     __HAL_RCC_GPIOB_CLK_ENABLE();
 187              		.loc 1 60 5 view .LVU49
 188 0048 019A     		ldr	r2, [sp, #4]
 189              	.LBE3:
  60:Core/Src/CommunicationProtocol/spi.c ****     __HAL_RCC_GPIOB_CLK_ENABLE();
 190              		.loc 1 60 5 view .LVU50
  61:Core/Src/CommunicationProtocol/spi.c ****     /**SPI1 GPIO Configuration
 191              		.loc 1 61 5 view .LVU51
 192              	.LBB4:
  61:Core/Src/CommunicationProtocol/spi.c ****     /**SPI1 GPIO Configuration
ARM GAS  /var/folders/mj/g8q9qvjj1qg4kbgnh_bz76140000gn/T//cc03UUSq.s 			page 6


 193              		.loc 1 61 5 view .LVU52
 194 004a 0294     		str	r4, [sp, #8]
  61:Core/Src/CommunicationProtocol/spi.c ****     /**SPI1 GPIO Configuration
 195              		.loc 1 61 5 view .LVU53
 196 004c 1A6B     		ldr	r2, [r3, #48]
 197 004e 42F00202 		orr	r2, r2, #2
 198 0052 1A63     		str	r2, [r3, #48]
  61:Core/Src/CommunicationProtocol/spi.c ****     /**SPI1 GPIO Configuration
 199              		.loc 1 61 5 view .LVU54
 200 0054 1B6B     		ldr	r3, [r3, #48]
 201 0056 03F00203 		and	r3, r3, #2
 202 005a 0293     		str	r3, [sp, #8]
  61:Core/Src/CommunicationProtocol/spi.c ****     /**SPI1 GPIO Configuration
 203              		.loc 1 61 5 view .LVU55
 204 005c 029B     		ldr	r3, [sp, #8]
 205              	.LBE4:
  61:Core/Src/CommunicationProtocol/spi.c ****     /**SPI1 GPIO Configuration
 206              		.loc 1 61 5 view .LVU56
  67:Core/Src/CommunicationProtocol/spi.c ****     GPIO_InitStruct.Mode = GPIO_MODE_AF_PP;
 207              		.loc 1 67 5 view .LVU57
  67:Core/Src/CommunicationProtocol/spi.c ****     GPIO_InitStruct.Mode = GPIO_MODE_AF_PP;
 208              		.loc 1 67 25 is_stmt 0 view .LVU58
 209 005e A023     		movs	r3, #160
 210 0060 0393     		str	r3, [sp, #12]
  68:Core/Src/CommunicationProtocol/spi.c ****     GPIO_InitStruct.Pull = GPIO_NOPULL;
 211              		.loc 1 68 5 is_stmt 1 view .LVU59
  68:Core/Src/CommunicationProtocol/spi.c ****     GPIO_InitStruct.Pull = GPIO_NOPULL;
 212              		.loc 1 68 26 is_stmt 0 view .LVU60
 213 0062 0227     		movs	r7, #2
 214 0064 0497     		str	r7, [sp, #16]
  69:Core/Src/CommunicationProtocol/spi.c ****     GPIO_InitStruct.Speed = GPIO_SPEED_FREQ_VERY_HIGH;
 215              		.loc 1 69 5 is_stmt 1 view .LVU61
  70:Core/Src/CommunicationProtocol/spi.c ****     GPIO_InitStruct.Alternate = GPIO_AF5_SPI1;
 216              		.loc 1 70 5 view .LVU62
  70:Core/Src/CommunicationProtocol/spi.c ****     GPIO_InitStruct.Alternate = GPIO_AF5_SPI1;
 217              		.loc 1 70 27 is_stmt 0 view .LVU63
 218 0066 0326     		movs	r6, #3
 219 0068 0696     		str	r6, [sp, #24]
  71:Core/Src/CommunicationProtocol/spi.c ****     HAL_GPIO_Init(GPIOA, &GPIO_InitStruct);
 220              		.loc 1 71 5 is_stmt 1 view .LVU64
  71:Core/Src/CommunicationProtocol/spi.c ****     HAL_GPIO_Init(GPIOA, &GPIO_InitStruct);
 221              		.loc 1 71 31 is_stmt 0 view .LVU65
 222 006a 0525     		movs	r5, #5
 223 006c 0795     		str	r5, [sp, #28]
  72:Core/Src/CommunicationProtocol/spi.c **** 
 224              		.loc 1 72 5 is_stmt 1 view .LVU66
 225 006e 03A9     		add	r1, sp, #12
 226 0070 0748     		ldr	r0, .L11+4
 227              	.LVL5:
  72:Core/Src/CommunicationProtocol/spi.c **** 
 228              		.loc 1 72 5 is_stmt 0 view .LVU67
 229 0072 FFF7FEFF 		bl	HAL_GPIO_Init
 230              	.LVL6:
  74:Core/Src/CommunicationProtocol/spi.c ****     GPIO_InitStruct.Mode = GPIO_MODE_AF_PP;
 231              		.loc 1 74 5 is_stmt 1 view .LVU68
  74:Core/Src/CommunicationProtocol/spi.c ****     GPIO_InitStruct.Mode = GPIO_MODE_AF_PP;
 232              		.loc 1 74 25 is_stmt 0 view .LVU69
ARM GAS  /var/folders/mj/g8q9qvjj1qg4kbgnh_bz76140000gn/T//cc03UUSq.s 			page 7


 233 0076 1023     		movs	r3, #16
 234 0078 0393     		str	r3, [sp, #12]
  75:Core/Src/CommunicationProtocol/spi.c ****     GPIO_InitStruct.Pull = GPIO_NOPULL;
 235              		.loc 1 75 5 is_stmt 1 view .LVU70
  75:Core/Src/CommunicationProtocol/spi.c ****     GPIO_InitStruct.Pull = GPIO_NOPULL;
 236              		.loc 1 75 26 is_stmt 0 view .LVU71
 237 007a 0497     		str	r7, [sp, #16]
  76:Core/Src/CommunicationProtocol/spi.c ****     GPIO_InitStruct.Speed = GPIO_SPEED_FREQ_VERY_HIGH;
 238              		.loc 1 76 5 is_stmt 1 view .LVU72
  76:Core/Src/CommunicationProtocol/spi.c ****     GPIO_InitStruct.Speed = GPIO_SPEED_FREQ_VERY_HIGH;
 239              		.loc 1 76 26 is_stmt 0 view .LVU73
 240 007c 0594     		str	r4, [sp, #20]
  77:Core/Src/CommunicationProtocol/spi.c ****     GPIO_InitStruct.Alternate = GPIO_AF5_SPI1;
 241              		.loc 1 77 5 is_stmt 1 view .LVU74
  77:Core/Src/CommunicationProtocol/spi.c ****     GPIO_InitStruct.Alternate = GPIO_AF5_SPI1;
 242              		.loc 1 77 27 is_stmt 0 view .LVU75
 243 007e 0696     		str	r6, [sp, #24]
  78:Core/Src/CommunicationProtocol/spi.c ****     HAL_GPIO_Init(GPIOB, &GPIO_InitStruct);
 244              		.loc 1 78 5 is_stmt 1 view .LVU76
  78:Core/Src/CommunicationProtocol/spi.c ****     HAL_GPIO_Init(GPIOB, &GPIO_InitStruct);
 245              		.loc 1 78 31 is_stmt 0 view .LVU77
 246 0080 0795     		str	r5, [sp, #28]
  79:Core/Src/CommunicationProtocol/spi.c ****   }
 247              		.loc 1 79 5 is_stmt 1 view .LVU78
 248 0082 03A9     		add	r1, sp, #12
 249 0084 0348     		ldr	r0, .L11+8
 250 0086 FFF7FEFF 		bl	HAL_GPIO_Init
 251              	.LVL7:
 252              		.loc 1 81 1 is_stmt 0 view .LVU79
 253 008a C5E7     		b	.L7
 254              	.L12:
 255              		.align	2
 256              	.L11:
 257 008c 00300140 		.word	1073819648
 258 0090 00000240 		.word	1073872896
 259 0094 00040240 		.word	1073873920
 260              		.cfi_endproc
 261              	.LFE135:
 263              		.section	.text.HAL_SPI_MspDeInit,"ax",%progbits
 264              		.align	1
 265              		.global	HAL_SPI_MspDeInit
 266              		.syntax unified
 267              		.thumb
 268              		.thumb_func
 270              	HAL_SPI_MspDeInit:
 271              	.LVL8:
 272              	.LFB136:
  82:Core/Src/CommunicationProtocol/spi.c **** 
  83:Core/Src/CommunicationProtocol/spi.c **** void HAL_SPI_MspDeInit(SPI_HandleTypeDef* spiHandle)
  84:Core/Src/CommunicationProtocol/spi.c **** {
 273              		.loc 1 84 1 is_stmt 1 view -0
 274              		.cfi_startproc
 275              		@ args = 0, pretend = 0, frame = 0
 276              		@ frame_needed = 0, uses_anonymous_args = 0
 277              		.loc 1 84 1 is_stmt 0 view .LVU81
 278 0000 08B5     		push	{r3, lr}
 279              	.LCFI5:
ARM GAS  /var/folders/mj/g8q9qvjj1qg4kbgnh_bz76140000gn/T//cc03UUSq.s 			page 8


 280              		.cfi_def_cfa_offset 8
 281              		.cfi_offset 3, -8
 282              		.cfi_offset 14, -4
  85:Core/Src/CommunicationProtocol/spi.c **** 
  86:Core/Src/CommunicationProtocol/spi.c ****   if(spiHandle->Instance==SPI1)
 283              		.loc 1 86 3 is_stmt 1 view .LVU82
 284              		.loc 1 86 15 is_stmt 0 view .LVU83
 285 0002 0268     		ldr	r2, [r0]
 286              		.loc 1 86 5 view .LVU84
 287 0004 084B     		ldr	r3, .L17
 288 0006 9A42     		cmp	r2, r3
 289 0008 00D0     		beq	.L16
 290              	.LVL9:
 291              	.L13:
  87:Core/Src/CommunicationProtocol/spi.c ****   {
  88:Core/Src/CommunicationProtocol/spi.c ****     /* Peripheral clock disable */
  89:Core/Src/CommunicationProtocol/spi.c ****     __HAL_RCC_SPI1_CLK_DISABLE();
  90:Core/Src/CommunicationProtocol/spi.c **** 
  91:Core/Src/CommunicationProtocol/spi.c ****     /**SPI1 GPIO Configuration
  92:Core/Src/CommunicationProtocol/spi.c ****     PA5     ------> SPI1_SCK
  93:Core/Src/CommunicationProtocol/spi.c ****     PA7     ------> SPI1_MOSI
  94:Core/Src/CommunicationProtocol/spi.c ****     PB4     ------> SPI1_MISO
  95:Core/Src/CommunicationProtocol/spi.c ****     */
  96:Core/Src/CommunicationProtocol/spi.c ****     HAL_GPIO_DeInit(GPIOA, GPIO_PIN_5|GPIO_PIN_7);
  97:Core/Src/CommunicationProtocol/spi.c **** 
  98:Core/Src/CommunicationProtocol/spi.c ****     HAL_GPIO_DeInit(GPIOB, GPIO_PIN_4);
  99:Core/Src/CommunicationProtocol/spi.c ****   }
 100:Core/Src/CommunicationProtocol/spi.c **** }
 292              		.loc 1 100 1 view .LVU85
 293 000a 08BD     		pop	{r3, pc}
 294              	.LVL10:
 295              	.L16:
  89:Core/Src/CommunicationProtocol/spi.c **** 
 296              		.loc 1 89 5 is_stmt 1 view .LVU86
 297 000c 074A     		ldr	r2, .L17+4
 298 000e 536C     		ldr	r3, [r2, #68]
 299 0010 23F48053 		bic	r3, r3, #4096
 300 0014 5364     		str	r3, [r2, #68]
  96:Core/Src/CommunicationProtocol/spi.c **** 
 301              		.loc 1 96 5 view .LVU87
 302 0016 A021     		movs	r1, #160
 303 0018 0548     		ldr	r0, .L17+8
 304              	.LVL11:
  96:Core/Src/CommunicationProtocol/spi.c **** 
 305              		.loc 1 96 5 is_stmt 0 view .LVU88
 306 001a FFF7FEFF 		bl	HAL_GPIO_DeInit
 307              	.LVL12:
  98:Core/Src/CommunicationProtocol/spi.c ****   }
 308              		.loc 1 98 5 is_stmt 1 view .LVU89
 309 001e 1021     		movs	r1, #16
 310 0020 0448     		ldr	r0, .L17+12
 311 0022 FFF7FEFF 		bl	HAL_GPIO_DeInit
 312              	.LVL13:
 313              		.loc 1 100 1 is_stmt 0 view .LVU90
 314 0026 F0E7     		b	.L13
 315              	.L18:
 316              		.align	2
ARM GAS  /var/folders/mj/g8q9qvjj1qg4kbgnh_bz76140000gn/T//cc03UUSq.s 			page 9


 317              	.L17:
 318 0028 00300140 		.word	1073819648
 319 002c 00380240 		.word	1073887232
 320 0030 00000240 		.word	1073872896
 321 0034 00040240 		.word	1073873920
 322              		.cfi_endproc
 323              	.LFE136:
 325              		.global	hspi1
 326              		.section	.bss.hspi1,"aw",%nobits
 327              		.align	2
 328              		.set	.LANCHOR0,. + 0
 331              	hspi1:
 332 0000 00000000 		.space	88
 332      00000000 
 332      00000000 
 332      00000000 
 332      00000000 
 333              		.text
 334              	.Letext0:
 335              		.file 2 "/usr/local/Cellar/arm-none-eabi-gcc/10.3-2021.10/gcc/arm-none-eabi/include/machine/_defau
 336              		.file 3 "/usr/local/Cellar/arm-none-eabi-gcc/10.3-2021.10/gcc/arm-none-eabi/include/sys/_stdint.h"
 337              		.file 4 "Drivers/CMSIS/Device/ST/STM32F4xx/Include/stm32f401xe.h"
 338              		.file 5 "Drivers/STM32F4xx_HAL_Driver/Inc/stm32f4xx_hal_def.h"
 339              		.file 6 "Drivers/STM32F4xx_HAL_Driver/Inc/stm32f4xx_hal_gpio.h"
 340              		.file 7 "Drivers/STM32F4xx_HAL_Driver/Inc/stm32f4xx_hal_dma.h"
 341              		.file 8 "Drivers/STM32F4xx_HAL_Driver/Inc/stm32f4xx_hal_spi.h"
 342              		.file 9 "Core/Inc/main.h"
 343              		.file 10 "Core/Inc/CommunicationProtocol/spi.h"
ARM GAS  /var/folders/mj/g8q9qvjj1qg4kbgnh_bz76140000gn/T//cc03UUSq.s 			page 10


DEFINED SYMBOLS
                            *ABS*:0000000000000000 spi.c
/var/folders/mj/g8q9qvjj1qg4kbgnh_bz76140000gn/T//cc03UUSq.s:20     .text.MX_SPI1_Init:0000000000000000 $t
/var/folders/mj/g8q9qvjj1qg4kbgnh_bz76140000gn/T//cc03UUSq.s:26     .text.MX_SPI1_Init:0000000000000000 MX_SPI1_Init
/var/folders/mj/g8q9qvjj1qg4kbgnh_bz76140000gn/T//cc03UUSq.s:98     .text.MX_SPI1_Init:0000000000000038 $d
/var/folders/mj/g8q9qvjj1qg4kbgnh_bz76140000gn/T//cc03UUSq.s:104    .text.HAL_SPI_MspInit:0000000000000000 $t
/var/folders/mj/g8q9qvjj1qg4kbgnh_bz76140000gn/T//cc03UUSq.s:110    .text.HAL_SPI_MspInit:0000000000000000 HAL_SPI_MspInit
/var/folders/mj/g8q9qvjj1qg4kbgnh_bz76140000gn/T//cc03UUSq.s:257    .text.HAL_SPI_MspInit:000000000000008c $d
/var/folders/mj/g8q9qvjj1qg4kbgnh_bz76140000gn/T//cc03UUSq.s:264    .text.HAL_SPI_MspDeInit:0000000000000000 $t
/var/folders/mj/g8q9qvjj1qg4kbgnh_bz76140000gn/T//cc03UUSq.s:270    .text.HAL_SPI_MspDeInit:0000000000000000 HAL_SPI_MspDeInit
/var/folders/mj/g8q9qvjj1qg4kbgnh_bz76140000gn/T//cc03UUSq.s:318    .text.HAL_SPI_MspDeInit:0000000000000028 $d
/var/folders/mj/g8q9qvjj1qg4kbgnh_bz76140000gn/T//cc03UUSq.s:331    .bss.hspi1:0000000000000000 hspi1
/var/folders/mj/g8q9qvjj1qg4kbgnh_bz76140000gn/T//cc03UUSq.s:327    .bss.hspi1:0000000000000000 $d

UNDEFINED SYMBOLS
HAL_SPI_Init
Error_Handler
HAL_GPIO_Init
HAL_GPIO_DeInit
